#
# A fatal error has been detected by the Java Runtime Environment:
#
#  EXCEPTION_ACCESS_VIOLATION (0xc0000005) at pc=0x00007ffcde311b04, pid=9900, tid=2336
#
# JRE version: OpenJDK Runtime Environment Zulu21.34+19-CA (21.0.3+9) (build 21.0.3+9-LTS)
# Java VM: OpenJDK 64-Bit Server VM Zulu21.34+19-CA (21.0.3+9-LTS, mixed mode, sharing, tiered, compressed oops, compressed class ptrs, g1 gc, windows-amd64)
# Problematic frame:
# V  [jvm.dll+0x171b04]
#
# No core dump will be written. Minidumps are not enabled by default on client versions of Windows
#
# If you would like to submit a bug report, please visit:
#   http://www.azul.com/support/
#

---------------  S U M M A R Y ------------

Command Line: C:\Users\rapha\AppData\Local\Temp\surefire12949037062988503987\surefirebooter-20250619170552264_3.jar C:\Users\rapha\AppData\Local\Temp\surefire12949037062988503987 2025-06-19T17-05-51_975-jvmRun1 surefire-20250619170552264_1tmp surefire_0-20250619170552264_2tmp

Host: Intel(R) Core(TM) i5-7200U CPU @ 2.50GHz, 4 cores, 15G,  Windows 10 , 64 bit Build 19041 (10.0.19041.5915)
Time: Thu Jun 19 17:05:53 2025 Hora oficial do Brasil elapsed time: 1.287657 seconds (0d 0h 0m 1s)

---------------  T H R E A D  ---------------

Current thread (0x00000154e4f25430):  JavaThread "C1 CompilerThread0" daemon [_thread_in_native, id=2336, stack(0x0000001c81600000,0x0000001c81700000) (1024K)]


Current CompileTask:
C1:   1287 1306       3       jdk.internal.org.objectweb.asm.SymbolTable::putConstantPool (28 bytes)

Stack: [0x0000001c81600000,0x0000001c81700000],  sp=0x0000001c816fe400,  free space=1017k
Native frames: (J=compiled Java code, j=interpreted, Vv=VM code, C=native code)
V  [jvm.dll+0x171b04]
V  [jvm.dll+0x17193b]
V  [jvm.dll+0x155179]
V  [jvm.dll+0x154ce4]
V  [jvm.dll+0x154eb4]
V  [jvm.dll+0x1542f6]
V  [jvm.dll+0x15605d]
V  [jvm.dll+0x259d99]
V  [jvm.dll+0x25831a]
V  [jvm.dll+0x3f6236]
V  [jvm.dll+0x857848]
V  [jvm.dll+0x6d206d]
C  [ucrtbase.dll+0x21bb2]
C  [KERNEL32.DLL+0x17374]
C  [ntdll.dll+0x4cc91]


siginfo: EXCEPTION_ACCESS_VIOLATION (0xc0000005), reading address 0xffffffffffffffff


Registers:
RAX=0x00007ffcdeb8cc99, RBX=0x0000001c816fe4a0, RCX=0x00000154e9edfbd0, RDX=0x0000001c816fe4a0
RSP=0x0000001c816fe400, RBP=0x0000000000000003, RSI=0x00000154e9edfbd0, RDI=0x0000000000000002
R8 =0x0000000000000000, R9 =0x00000000ffffffff, R10=0x0000001c816fe128, R11=0x0000001c816fe1c0
R12=0x0000000000000014, R13=0x00000154e9edf1f8, R14=0x00000154e9d5d340, R15=0x000000000000000f
RIP=0x00007ffcde311b04, EFLAGS=0x0000000000010246


Register to memory mapping:

RAX=0x00007ffcdeb8cc99 jvm.dll
RBX=0x0000001c816fe4a0 is pointing into the stack for thread: 0x00000154e4f25430
RCX=0x00000154e9edfbd0 points into unknown readable memory: 0x00007ffcdeb8cc99 | 99 cc b8 de fc 7f 00 00
RDX=0x0000001c816fe4a0 is pointing into the stack for thread: 0x00000154e4f25430
RSP=0x0000001c816fe400 is pointing into the stack for thread: 0x00000154e4f25430
RBP=0x0000000000000003 is an unknown value
RSI=0x00000154e9edfbd0 points into unknown readable memory: 0x00007ffcdeb8cc99 | 99 cc b8 de fc 7f 00 00
RDI=0x0000000000000002 is an unknown value
R8 =0x0 is null
R9 =0x00000000ffffffff is an unknown value
R10=0x0000001c816fe128 is pointing into the stack for thread: 0x00000154e4f25430
R11=0x0000001c816fe1c0 is pointing into the stack for thread: 0x00000154e4f25430
R12=0x0000000000000014 is an unknown value
R13=0x00000154e9edf1f8 points into unknown readable memory: 0x0000002000000014 | 14 00 00 00 20 00 00 00
R14=0x00000154e9d5d340 points into unknown readable memory: 0x0000000300000003 | 03 00 00 00 03 00 00 00
R15=0x000000000000000f is an unknown value

Top of Stack: (sp=0x0000001c816fe400)
0x0000001c816fe400:   0000001c816fe4a0 0000015400000000
0x0000001c816fe410:   0000001c816fe4a0 0000001c816fe4a0
0x0000001c816fe420:   00007ffcdedcd560 00000154e9d5d340
0x0000001c816fe430:   0000001c816feef0 00000154e4ef7680
0x0000001c816fe440:   0000001c816fe4a0 00007ffcde31193b
0x0000001c816fe450:   0000000000000003 00000154e9d5b658
0x0000001c816fe460:   0000000000000002 0000000000000000
0x0000001c816fe470:   00000000000003d8 00007ffcde2f5179
0x0000001c816fe480:   00000154e9ec9378 0000001c816fe848
0x0000001c816fe490:   0000001c816fe770 0000000000000000
0x0000001c816fe4a0:   00000154e9ec9378 00000154e9ec93a8
0x0000001c816fe4b0:   0000001c816fe770 00000154e9d5d6a0
0x0000001c816fe4c0:   0000000000000000 0000000000000000
0x0000001c816fe4d0:   0000000000000000 00007ffcffffffff
0x0000001c816fe4e0:   0000000000000000 0000000000000000
0x0000001c816fe4f0:   0000000000000000 0000000000000000
0x0000001c816fe500:   0000638ab51268e0 00000154e9d5d6a0
0x0000001c816fe510:   00000154e9d5d6a0 00007ffcde2f4ce4
0x0000001c816fe520:   0000001c816fe770 0000001c816fe770
0x0000001c816fe530:   0000001c816fe770 00007ffcdedcd560
0x0000001c816fe540:   00000154d6050000 0000000000000000
0x0000001c816fe550:   0000000000000000 00007ffcde43b500
0x0000001c816fe560:   00000154e4f25b80 00007ffcdeaf3040
0x0000001c816fe570:   0000000000000000 0000000000000000
0x0000001c816fe580:   000001540000000b 00000000000003d8
0x0000001c816fe590:   00000154e4f25b80 00007ffcde2f4eb4
0x0000001c816fe5a0:   00000154e9d5ae50 00000154e9d39260
0x0000001c816fe5b0:   00000154e9d39260 00000000000003d8
0x0000001c816fe5c0:   0000000000000020 0000001c816fe848
0x0000001c816fe5d0:   0000000000000008 00000154e9dead38
0x0000001c816fe5e0:   0000001c00000000 0000001c816fe808
0x0000001c816fe5f0:   0000000000000048 0000015400000001 

Instructions: (pc=0x00007ffcde311b04)
0x00007ffcde311a04:   48 8b 04 07 83 78 18 ff 75 36 48 8b 50 10 48 85
0x00007ffcde311a14:   d2 74 20 83 3a 01 7e 1b 49 8b 0f 4c 8b 41 08 41
0x00007ffcde311a24:   8b 48 10 41 2b 08 89 48 18 49 8b cf e8 4b 00 00
0x00007ffcde311a34:   00 eb 0d 48 8b 48 08 8b 91 00 01 00 00 89 50 18
0x00007ffcde311a44:   ff c3 48 83 c7 08 3b 1e 7c b2 ff c5 49 83 c6 08
0x00007ffcde311a54:   41 3b 6d 00 7c 86 4c 8b 74 24 58 48 8b 7c 24 50
0x00007ffcde311a64:   48 8b 74 24 48 48 8b 5c 24 40 48 83 c4 20 41 5f
0x00007ffcde311a74:   41 5d 5d c3 cc cc cc cc cc cc cc cc 40 53 41 54
0x00007ffcde311a84:   41 55 48 83 ec 30 4c 8b ea 48 8b d9 e8 cb 73 e9
0x00007ffcde311a94:   ff 4d 63 65 00 4d 85 e4 0f 8e 36 01 00 00 48 89
0x00007ffcde311aa4:   74 24 58 4c 89 7c 24 20 45 33 ff 48 89 6c 24 50
0x00007ffcde311ab4:   48 89 7c 24 60 4c 89 74 24 28 66 90 49 8b 45 08
0x00007ffcde311ac4:   4a 8b 34 f8 48 8b 03 48 8b 48 08 8b 41 18 2b 41
0x00007ffcde311ad4:   10 3d 00 08 00 00 7d 10 48 8b 4b 10 48 8d 15 d9
0x00007ffcde311ae4:   b4 88 00 e8 a4 2c fe ff 48 8b 43 10 48 83 78 70
0x00007ffcde311af4:   00 0f 85 c4 00 00 00 48 8b 06 48 8b d3 48 8b ce
0x00007ffcde311b04:   ff 50 10 48 8b 4b 10 e8 30 35 fe ff 80 78 08 00
0x00007ffcde311b14:   0f 84 99 00 00 00 48 8b 76 28 48 85 f6 0f 84 8c
0x00007ffcde311b24:   00 00 00 48 8b 03 48 8b 48 08 8b 79 10 2b 39 48
0x00007ffcde311b34:   39 73 28 74 77 48 8b 06 48 8b ce ff 90 b8 00 00
0x00007ffcde311b44:   00 48 85 c0 74 06 48 8b 68 60 eb 04 48 8b 6e 40
0x00007ffcde311b54:   48 85 ed 74 5a 4c 8b 73 28 4d 85 f6 74 35 49 8b
0x00007ffcde311b64:   06 49 8b ce ff 90 b8 00 00 00 48 85 c0 74 06 48
0x00007ffcde311b74:   8b 40 60 eb 04 49 8b 46 40 48 3b c5 74 2e 39 7b
0x00007ffcde311b84:   30 7d 08 48 8b cb e8 b1 0e 00 00 48 c7 43 28 00
0x00007ffcde311b94:   00 00 00 48 8b 4b 10 e8 a0 34 fe ff 48 8b c8 e8
0x00007ffcde311ba4:   f8 09 00 00 3b f8 7e 07 48 89 73 28 89 7b 30 49
0x00007ffcde311bb4:   ff c7 4d 3b fc 0f 8c 01 ff ff ff 4c 8b 74 24 28
0x00007ffcde311bc4:   48 8b 7c 24 60 48 8b 6c 24 50 48 8b 74 24 58 4c
0x00007ffcde311bd4:   8b 7c 24 20 48 83 c4 30 41 5d 41 5c 5b c3 cc cc
0x00007ffcde311be4:   cc cc cc cc cc cc cc cc cc cc cc cc 40 56 48 83
0x00007ffcde311bf4:   ec 20 0f b7 42 10 48 8b f1 83 c0 fe 83 f8 0f 0f 


Stack slot to memory mapping:

stack at sp + 0 slots: 0x0000001c816fe4a0 is pointing into the stack for thread: 0x00000154e4f25430
stack at sp + 1 slots: 0x0000015400000000 is an unknown value
stack at sp + 2 slots: 0x0000001c816fe4a0 is pointing into the stack for thread: 0x00000154e4f25430
stack at sp + 3 slots: 0x0000001c816fe4a0 is pointing into the stack for thread: 0x00000154e4f25430
stack at sp + 4 slots: 0x00007ffcdedcd560 jvm.dll
stack at sp + 5 slots: 0x00000154e9d5d340 points into unknown readable memory: 0x0000000300000003 | 03 00 00 00 03 00 00 00
stack at sp + 6 slots: 0x0000001c816feef0 is pointing into the stack for thread: 0x00000154e4f25430
stack at sp + 7 slots: 0x00000154e4ef7680 points into unknown readable memory: 0x00007ffcdeb95770 | 70 57 b9 de fc 7f 00 00


---------------  P R O C E S S  ---------------

Threads class SMR info:
_java_thread_list=0x00000154e98f5ec0, length=14, elements={
0x00000154c6303920, 0x00000154e4f18810, 0x00000154e4f1a630, 0x00000154e4f1b440,
0x00000154e4f1deb0, 0x00000154e4f1e910, 0x00000154e4f21380, 0x00000154e4f22110,
0x00000154e4f25430, 0x00000154e9204a30, 0x00000154e9206680, 0x00000154e943e990,
0x00000154e973aff0, 0x00000154ea079cf0
}

Java Threads: ( => current thread )
  0x00000154c6303920 JavaThread "main"                              [_thread_in_vm, id=10384, stack(0x0000001c80700000,0x0000001c80800000) (1024K)]
  0x00000154e4f18810 JavaThread "Reference Handler"          daemon [_thread_blocked, id=5752, stack(0x0000001c80f00000,0x0000001c81000000) (1024K)]
  0x00000154e4f1a630 JavaThread "Finalizer"                  daemon [_thread_blocked, id=14284, stack(0x0000001c81000000,0x0000001c81100000) (1024K)]
  0x00000154e4f1b440 JavaThread "Signal Dispatcher"          daemon [_thread_blocked, id=6392, stack(0x0000001c81100000,0x0000001c81200000) (1024K)]
  0x00000154e4f1deb0 JavaThread "Attach Listener"            daemon [_thread_blocked, id=13536, stack(0x0000001c81200000,0x0000001c81300000) (1024K)]
  0x00000154e4f1e910 JavaThread "Service Thread"             daemon [_thread_blocked, id=11804, stack(0x0000001c81300000,0x0000001c81400000) (1024K)]
  0x00000154e4f21380 JavaThread "Monitor Deflation Thread"   daemon [_thread_blocked, id=9648, stack(0x0000001c81400000,0x0000001c81500000) (1024K)]
  0x00000154e4f22110 JavaThread "C2 CompilerThread0"         daemon [_thread_blocked, id=12832, stack(0x0000001c81500000,0x0000001c81600000) (1024K)]
=>0x00000154e4f25430 JavaThread "C1 CompilerThread0"         daemon [_thread_in_native, id=2336, stack(0x0000001c81600000,0x0000001c81700000) (1024K)]
  0x00000154e9204a30 JavaThread "Notification Thread"        daemon [_thread_blocked, id=1428, stack(0x0000001c81700000,0x0000001c81800000) (1024K)]
  0x00000154e9206680 JavaThread "Common-Cleaner"             daemon [_thread_blocked, id=9692, stack(0x0000001c81800000,0x0000001c81900000) (1024K)]
  0x00000154e943e990 JavaThread "surefire-forkedjvm-stream-flusher" daemon [_thread_blocked, id=11000, stack(0x0000001c81900000,0x0000001c81a00000) (1024K)]
  0x00000154e973aff0 JavaThread "surefire-forkedjvm-command-thread" daemon [_thread_in_native, id=1632, stack(0x0000001c81a00000,0x0000001c81b00000) (1024K)]
  0x00000154ea079cf0 JavaThread "C2 CompilerThread1"         daemon [_thread_blocked, id=2096, stack(0x0000001c81e00000,0x0000001c81f00000) (1024K)]
Total: 14

Other Threads:
  0x00000154e4efcdf0 VMThread "VM Thread"                           [id=13092, stack(0x0000001c80e00000,0x0000001c80f00000) (1024K)]
  0x00000154e4ee5a50 WatcherThread "VM Periodic Task Thread"        [id=9136, stack(0x0000001c80d00000,0x0000001c80e00000) (1024K)]
  0x00000154c6362fd0 WorkerThread "GC Thread#0"                     [id=3728, stack(0x0000001c80800000,0x0000001c80900000) (1024K)]
  0x00000154e97564d0 WorkerThread "GC Thread#1"                     [id=2844, stack(0x0000001c81b00000,0x0000001c81c00000) (1024K)]
  0x00000154e977f5c0 WorkerThread "GC Thread#2"                     [id=14292, stack(0x0000001c81c00000,0x0000001c81d00000) (1024K)]
  0x00000154e977f970 WorkerThread "GC Thread#3"                     [id=10860, stack(0x0000001c81d00000,0x0000001c81e00000) (1024K)]
  0x00000154c6375320 ConcurrentGCThread "G1 Main Marker"            [id=1680, stack(0x0000001c80900000,0x0000001c80a00000) (1024K)]
  0x00000154c63764e0 WorkerThread "G1 Conc#0"                       [id=14504, stack(0x0000001c80a00000,0x0000001c80b00000) (1024K)]
  0x00000154c63ceb20 ConcurrentGCThread "G1 Refine#0"               [id=14476, stack(0x0000001c80b00000,0x0000001c80c00000) (1024K)]
  0x00000154e4da9740 ConcurrentGCThread "G1 Service"                [id=8080, stack(0x0000001c80c00000,0x0000001c80d00000) (1024K)]
Total: 10

Threads with active compile tasks:
C1 CompilerThread0     1354 1306       3       jdk.internal.org.objectweb.asm.SymbolTable::putConstantPool (28 bytes)
Total: 1

VM state: not at safepoint (normal execution)

VM Mutex/Monitor currently owned by a thread: None

Heap address: 0x0000000701600000, size: 4074 MB, Compressed Oops mode: Zero based, Oop shift amount: 3

CDS archive(s) mapped at: [0x0000015480000000-0x0000015480cf0000-0x0000015480cf0000), size 13565952, SharedBaseAddress: 0x0000015480000000, ArchiveRelocationMode: 1.
Compressed class space mapped at: 0x0000015481000000-0x00000154c1000000, reserved size: 1073741824
Narrow klass base: 0x0000015480000000, Narrow klass shift: 0, Narrow klass range: 0x100000000

GC Precious Log:
 CardTable entry size: 512
 Card Set container configuration: InlinePtr #cards 4 size 8 Array Of Cards #cards 16 size 48 Howl #buckets 8 coarsen threshold 3686 Howl Bitmap #cards 512 size 80 coarsen threshold 460 Card regions per heap region 1 cards per card region 4096
 CPUs: 4 total, 4 available
 Memory: 16293M
 Large Page Support: Disabled
 NUMA Support: Disabled
 Compressed Oops: Enabled (Zero based)
 Heap Region Size: 2M
 Heap Min Capacity: 8M
 Heap Initial Capacity: 256M
 Heap Max Capacity: 4074M
 Pre-touch: Disabled
 Parallel Workers: 4
 Concurrent Workers: 1
 Concurrent Refinement Workers: 4
 Periodic GC: Disabled

Heap:
 garbage-first heap   total 262144K, used 15183K [0x0000000701600000, 0x0000000800000000)
  region size 2048K, 5 young (10240K), 1 survivors (2048K)
 Metaspace       used 6367K, committed 6528K, reserved 1114112K
  class space    used 761K, committed 832K, reserved 1048576K

Heap Regions: E=young(eden), S=young(survivor), O=old, HS=humongous(starts), HC=humongous(continues), CS=collection set, F=free, TAMS=top-at-mark-start, PB=parsable bottom
|   0|0x0000000701600000, 0x0000000701800000, 0x0000000701800000|100%| O|  |TAMS 0x0000000701600000| PB 0x0000000701600000| Untracked 
|   1|0x0000000701800000, 0x0000000701a00000, 0x0000000701a00000|100%| O|  |TAMS 0x0000000701800000| PB 0x0000000701800000| Untracked 
|   2|0x0000000701a00000, 0x0000000701c00000, 0x0000000701c00000|100%| O|  |TAMS 0x0000000701a00000| PB 0x0000000701a00000| Untracked 
|   3|0x0000000701c00000, 0x0000000701d897b8, 0x0000000701e00000| 76%| O|  |TAMS 0x0000000701c00000| PB 0x0000000701c00000| Untracked 
|   4|0x0000000701e00000, 0x0000000701e00000, 0x0000000702000000|  0%| F|  |TAMS 0x0000000701e00000| PB 0x0000000701e00000| Untracked 
|   5|0x0000000702000000, 0x0000000702000000, 0x0000000702200000|  0%| F|  |TAMS 0x0000000702000000| PB 0x0000000702000000| Untracked 
|   6|0x0000000702200000, 0x0000000702200000, 0x0000000702400000|  0%| F|  |TAMS 0x0000000702200000| PB 0x0000000702200000| Untracked 
|   7|0x0000000702400000, 0x0000000702400000, 0x0000000702600000|  0%| F|  |TAMS 0x0000000702400000| PB 0x0000000702400000| Untracked 
|   8|0x0000000702600000, 0x0000000702600000, 0x0000000702800000|  0%| F|  |TAMS 0x0000000702600000| PB 0x0000000702600000| Untracked 
|   9|0x0000000702800000, 0x0000000702800000, 0x0000000702a00000|  0%| F|  |TAMS 0x0000000702800000| PB 0x0000000702800000| Untracked 
|  10|0x0000000702a00000, 0x0000000702a00000, 0x0000000702c00000|  0%| F|  |TAMS 0x0000000702a00000| PB 0x0000000702a00000| Untracked 
|  11|0x0000000702c00000, 0x0000000702c00000, 0x0000000702e00000|  0%| F|  |TAMS 0x0000000702c00000| PB 0x0000000702c00000| Untracked 
|  12|0x0000000702e00000, 0x0000000702e00000, 0x0000000703000000|  0%| F|  |TAMS 0x0000000702e00000| PB 0x0000000702e00000| Untracked 
|  13|0x0000000703000000, 0x0000000703000000, 0x0000000703200000|  0%| F|  |TAMS 0x0000000703000000| PB 0x0000000703000000| Untracked 
|  14|0x0000000703200000, 0x0000000703200000, 0x0000000703400000|  0%| F|  |TAMS 0x0000000703200000| PB 0x0000000703200000| Untracked 
|  15|0x0000000703400000, 0x0000000703400000, 0x0000000703600000|  0%| F|  |TAMS 0x0000000703400000| PB 0x0000000703400000| Untracked 
|  16|0x0000000703600000, 0x0000000703600000, 0x0000000703800000|  0%| F|  |TAMS 0x0000000703600000| PB 0x0000000703600000| Untracked 
|  17|0x0000000703800000, 0x0000000703800000, 0x0000000703a00000|  0%| F|  |TAMS 0x0000000703800000| PB 0x0000000703800000| Untracked 
|  18|0x0000000703a00000, 0x0000000703a00000, 0x0000000703c00000|  0%| F|  |TAMS 0x0000000703a00000| PB 0x0000000703a00000| Untracked 
|  19|0x0000000703c00000, 0x0000000703c00000, 0x0000000703e00000|  0%| F|  |TAMS 0x0000000703c00000| PB 0x0000000703c00000| Untracked 
|  20|0x0000000703e00000, 0x0000000703e00000, 0x0000000704000000|  0%| F|  |TAMS 0x0000000703e00000| PB 0x0000000703e00000| Untracked 
|  21|0x0000000704000000, 0x0000000704000000, 0x0000000704200000|  0%| F|  |TAMS 0x0000000704000000| PB 0x0000000704000000| Untracked 
|  22|0x0000000704200000, 0x0000000704200000, 0x0000000704400000|  0%| F|  |TAMS 0x0000000704200000| PB 0x0000000704200000| Untracked 
|  23|0x0000000704400000, 0x0000000704400000, 0x0000000704600000|  0%| F|  |TAMS 0x0000000704400000| PB 0x0000000704400000| Untracked 
|  24|0x0000000704600000, 0x0000000704600000, 0x0000000704800000|  0%| F|  |TAMS 0x0000000704600000| PB 0x0000000704600000| Untracked 
|  25|0x0000000704800000, 0x0000000704800000, 0x0000000704a00000|  0%| F|  |TAMS 0x0000000704800000| PB 0x0000000704800000| Untracked 
|  26|0x0000000704a00000, 0x0000000704a00000, 0x0000000704c00000|  0%| F|  |TAMS 0x0000000704a00000| PB 0x0000000704a00000| Untracked 
|  27|0x0000000704c00000, 0x0000000704c00000, 0x0000000704e00000|  0%| F|  |TAMS 0x0000000704c00000| PB 0x0000000704c00000| Untracked 
|  28|0x0000000704e00000, 0x0000000704e00000, 0x0000000705000000|  0%| F|  |TAMS 0x0000000704e00000| PB 0x0000000704e00000| Untracked 
|  29|0x0000000705000000, 0x0000000705000000, 0x0000000705200000|  0%| F|  |TAMS 0x0000000705000000| PB 0x0000000705000000| Untracked 
|  30|0x0000000705200000, 0x0000000705200000, 0x0000000705400000|  0%| F|  |TAMS 0x0000000705200000| PB 0x0000000705200000| Untracked 
|  31|0x0000000705400000, 0x0000000705400000, 0x0000000705600000|  0%| F|  |TAMS 0x0000000705400000| PB 0x0000000705400000| Untracked 
|  32|0x0000000705600000, 0x0000000705600000, 0x0000000705800000|  0%| F|  |TAMS 0x0000000705600000| PB 0x0000000705600000| Untracked 
|  33|0x0000000705800000, 0x0000000705800000, 0x0000000705a00000|  0%| F|  |TAMS 0x0000000705800000| PB 0x0000000705800000| Untracked 
|  34|0x0000000705a00000, 0x0000000705a00000, 0x0000000705c00000|  0%| F|  |TAMS 0x0000000705a00000| PB 0x0000000705a00000| Untracked 
|  35|0x0000000705c00000, 0x0000000705c00000, 0x0000000705e00000|  0%| F|  |TAMS 0x0000000705c00000| PB 0x0000000705c00000| Untracked 
|  36|0x0000000705e00000, 0x0000000705e00000, 0x0000000706000000|  0%| F|  |TAMS 0x0000000705e00000| PB 0x0000000705e00000| Untracked 
|  37|0x0000000706000000, 0x0000000706000000, 0x0000000706200000|  0%| F|  |TAMS 0x0000000706000000| PB 0x0000000706000000| Untracked 
|  38|0x0000000706200000, 0x0000000706200000, 0x0000000706400000|  0%| F|  |TAMS 0x0000000706200000| PB 0x0000000706200000| Untracked 
|  39|0x0000000706400000, 0x0000000706400000, 0x0000000706600000|  0%| F|  |TAMS 0x0000000706400000| PB 0x0000000706400000| Untracked 
|  40|0x0000000706600000, 0x0000000706600000, 0x0000000706800000|  0%| F|  |TAMS 0x0000000706600000| PB 0x0000000706600000| Untracked 
|  41|0x0000000706800000, 0x0000000706800000, 0x0000000706a00000|  0%| F|  |TAMS 0x0000000706800000| PB 0x0000000706800000| Untracked 
|  42|0x0000000706a00000, 0x0000000706a00000, 0x0000000706c00000|  0%| F|  |TAMS 0x0000000706a00000| PB 0x0000000706a00000| Untracked 
|  43|0x0000000706c00000, 0x0000000706c00000, 0x0000000706e00000|  0%| F|  |TAMS 0x0000000706c00000| PB 0x0000000706c00000| Untracked 
|  44|0x0000000706e00000, 0x0000000706e00000, 0x0000000707000000|  0%| F|  |TAMS 0x0000000706e00000| PB 0x0000000706e00000| Untracked 
|  45|0x0000000707000000, 0x0000000707000000, 0x0000000707200000|  0%| F|  |TAMS 0x0000000707000000| PB 0x0000000707000000| Untracked 
|  46|0x0000000707200000, 0x0000000707200000, 0x0000000707400000|  0%| F|  |TAMS 0x0000000707200000| PB 0x0000000707200000| Untracked 
|  47|0x0000000707400000, 0x0000000707400000, 0x0000000707600000|  0%| F|  |TAMS 0x0000000707400000| PB 0x0000000707400000| Untracked 
|  48|0x0000000707600000, 0x0000000707600000, 0x0000000707800000|  0%| F|  |TAMS 0x0000000707600000| PB 0x0000000707600000| Untracked 
|  49|0x0000000707800000, 0x0000000707800000, 0x0000000707a00000|  0%| F|  |TAMS 0x0000000707800000| PB 0x0000000707800000| Untracked 
|  50|0x0000000707a00000, 0x0000000707a00000, 0x0000000707c00000|  0%| F|  |TAMS 0x0000000707a00000| PB 0x0000000707a00000| Untracked 
|  51|0x0000000707c00000, 0x0000000707c00000, 0x0000000707e00000|  0%| F|  |TAMS 0x0000000707c00000| PB 0x0000000707c00000| Untracked 
|  52|0x0000000707e00000, 0x0000000707e00000, 0x0000000708000000|  0%| F|  |TAMS 0x0000000707e00000| PB 0x0000000707e00000| Untracked 
|  53|0x0000000708000000, 0x0000000708000000, 0x0000000708200000|  0%| F|  |TAMS 0x0000000708000000| PB 0x0000000708000000| Untracked 
|  54|0x0000000708200000, 0x0000000708200000, 0x0000000708400000|  0%| F|  |TAMS 0x0000000708200000| PB 0x0000000708200000| Untracked 
|  55|0x0000000708400000, 0x0000000708400000, 0x0000000708600000|  0%| F|  |TAMS 0x0000000708400000| PB 0x0000000708400000| Untracked 
|  56|0x0000000708600000, 0x0000000708600000, 0x0000000708800000|  0%| F|  |TAMS 0x0000000708600000| PB 0x0000000708600000| Untracked 
|  57|0x0000000708800000, 0x0000000708800000, 0x0000000708a00000|  0%| F|  |TAMS 0x0000000708800000| PB 0x0000000708800000| Untracked 
|  58|0x0000000708a00000, 0x0000000708a00000, 0x0000000708c00000|  0%| F|  |TAMS 0x0000000708a00000| PB 0x0000000708a00000| Untracked 
|  59|0x0000000708c00000, 0x0000000708c00000, 0x0000000708e00000|  0%| F|  |TAMS 0x0000000708c00000| PB 0x0000000708c00000| Untracked 
|  60|0x0000000708e00000, 0x0000000708e00000, 0x0000000709000000|  0%| F|  |TAMS 0x0000000708e00000| PB 0x0000000708e00000| Untracked 
|  61|0x0000000709000000, 0x0000000709000000, 0x0000000709200000|  0%| F|  |TAMS 0x0000000709000000| PB 0x0000000709000000| Untracked 
|  62|0x0000000709200000, 0x0000000709200000, 0x0000000709400000|  0%| F|  |TAMS 0x0000000709200000| PB 0x0000000709200000| Untracked 
|  63|0x0000000709400000, 0x0000000709400000, 0x0000000709600000|  0%| F|  |TAMS 0x0000000709400000| PB 0x0000000709400000| Untracked 
|  64|0x0000000709600000, 0x0000000709600000, 0x0000000709800000|  0%| F|  |TAMS 0x0000000709600000| PB 0x0000000709600000| Untracked 
|  65|0x0000000709800000, 0x0000000709800000, 0x0000000709a00000|  0%| F|  |TAMS 0x0000000709800000| PB 0x0000000709800000| Untracked 
|  66|0x0000000709a00000, 0x0000000709a00000, 0x0000000709c00000|  0%| F|  |TAMS 0x0000000709a00000| PB 0x0000000709a00000| Untracked 
|  67|0x0000000709c00000, 0x0000000709c00000, 0x0000000709e00000|  0%| F|  |TAMS 0x0000000709c00000| PB 0x0000000709c00000| Untracked 
|  68|0x0000000709e00000, 0x0000000709e00000, 0x000000070a000000|  0%| F|  |TAMS 0x0000000709e00000| PB 0x0000000709e00000| Untracked 
|  69|0x000000070a000000, 0x000000070a000000, 0x000000070a200000|  0%| F|  |TAMS 0x000000070a000000| PB 0x000000070a000000| Untracked 
|  70|0x000000070a200000, 0x000000070a200000, 0x000000070a400000|  0%| F|  |TAMS 0x000000070a200000| PB 0x000000070a200000| Untracked 
|  71|0x000000070a400000, 0x000000070a400000, 0x000000070a600000|  0%| F|  |TAMS 0x000000070a400000| PB 0x000000070a400000| Untracked 
|  72|0x000000070a600000, 0x000000070a600000, 0x000000070a800000|  0%| F|  |TAMS 0x000000070a600000| PB 0x000000070a600000| Untracked 
|  73|0x000000070a800000, 0x000000070a800000, 0x000000070aa00000|  0%| F|  |TAMS 0x000000070a800000| PB 0x000000070a800000| Untracked 
|  74|0x000000070aa00000, 0x000000070aa00000, 0x000000070ac00000|  0%| F|  |TAMS 0x000000070aa00000| PB 0x000000070aa00000| Untracked 
|  75|0x000000070ac00000, 0x000000070ac00000, 0x000000070ae00000|  0%| F|  |TAMS 0x000000070ac00000| PB 0x000000070ac00000| Untracked 
|  76|0x000000070ae00000, 0x000000070ae00000, 0x000000070b000000|  0%| F|  |TAMS 0x000000070ae00000| PB 0x000000070ae00000| Untracked 
|  77|0x000000070b000000, 0x000000070b000000, 0x000000070b200000|  0%| F|  |TAMS 0x000000070b000000| PB 0x000000070b000000| Untracked 
|  78|0x000000070b200000, 0x000000070b200000, 0x000000070b400000|  0%| F|  |TAMS 0x000000070b200000| PB 0x000000070b200000| Untracked 
|  79|0x000000070b400000, 0x000000070b400000, 0x000000070b600000|  0%| F|  |TAMS 0x000000070b400000| PB 0x000000070b400000| Untracked 
|  80|0x000000070b600000, 0x000000070b600000, 0x000000070b800000|  0%| F|  |TAMS 0x000000070b600000| PB 0x000000070b600000| Untracked 
|  81|0x000000070b800000, 0x000000070b800000, 0x000000070ba00000|  0%| F|  |TAMS 0x000000070b800000| PB 0x000000070b800000| Untracked 
|  82|0x000000070ba00000, 0x000000070ba00000, 0x000000070bc00000|  0%| F|  |TAMS 0x000000070ba00000| PB 0x000000070ba00000| Untracked 
|  83|0x000000070bc00000, 0x000000070bc00000, 0x000000070be00000|  0%| F|  |TAMS 0x000000070bc00000| PB 0x000000070bc00000| Untracked 
|  84|0x000000070be00000, 0x000000070be00000, 0x000000070c000000|  0%| F|  |TAMS 0x000000070be00000| PB 0x000000070be00000| Untracked 
|  85|0x000000070c000000, 0x000000070c000000, 0x000000070c200000|  0%| F|  |TAMS 0x000000070c000000| PB 0x000000070c000000| Untracked 
|  86|0x000000070c200000, 0x000000070c200000, 0x000000070c400000|  0%| F|  |TAMS 0x000000070c200000| PB 0x000000070c200000| Untracked 
|  87|0x000000070c400000, 0x000000070c400000, 0x000000070c600000|  0%| F|  |TAMS 0x000000070c400000| PB 0x000000070c400000| Untracked 
|  88|0x000000070c600000, 0x000000070c600000, 0x000000070c800000|  0%| F|  |TAMS 0x000000070c600000| PB 0x000000070c600000| Untracked 
|  89|0x000000070c800000, 0x000000070c800000, 0x000000070ca00000|  0%| F|  |TAMS 0x000000070c800000| PB 0x000000070c800000| Untracked 
|  90|0x000000070ca00000, 0x000000070ca00000, 0x000000070cc00000|  0%| F|  |TAMS 0x000000070ca00000| PB 0x000000070ca00000| Untracked 
|  91|0x000000070cc00000, 0x000000070cc00000, 0x000000070ce00000|  0%| F|  |TAMS 0x000000070cc00000| PB 0x000000070cc00000| Untracked 
|  92|0x000000070ce00000, 0x000000070ce00000, 0x000000070d000000|  0%| F|  |TAMS 0x000000070ce00000| PB 0x000000070ce00000| Untracked 
|  93|0x000000070d000000, 0x000000070d000000, 0x000000070d200000|  0%| F|  |TAMS 0x000000070d000000| PB 0x000000070d000000| Untracked 
|  94|0x000000070d200000, 0x000000070d200000, 0x000000070d400000|  0%| F|  |TAMS 0x000000070d200000| PB 0x000000070d200000| Untracked 
|  95|0x000000070d400000, 0x000000070d400000, 0x000000070d600000|  0%| F|  |TAMS 0x000000070d400000| PB 0x000000070d400000| Untracked 
|  96|0x000000070d600000, 0x000000070d600000, 0x000000070d800000|  0%| F|  |TAMS 0x000000070d600000| PB 0x000000070d600000| Untracked 
|  97|0x000000070d800000, 0x000000070d800000, 0x000000070da00000|  0%| F|  |TAMS 0x000000070d800000| PB 0x000000070d800000| Untracked 
|  98|0x000000070da00000, 0x000000070da00000, 0x000000070dc00000|  0%| F|  |TAMS 0x000000070da00000| PB 0x000000070da00000| Untracked 
|  99|0x000000070dc00000, 0x000000070dc00000, 0x000000070de00000|  0%| F|  |TAMS 0x000000070dc00000| PB 0x000000070dc00000| Untracked 
| 100|0x000000070de00000, 0x000000070de00000, 0x000000070e000000|  0%| F|  |TAMS 0x000000070de00000| PB 0x000000070de00000| Untracked 
| 101|0x000000070e000000, 0x000000070e000000, 0x000000070e200000|  0%| F|  |TAMS 0x000000070e000000| PB 0x000000070e000000| Untracked 
| 102|0x000000070e200000, 0x000000070e200000, 0x000000070e400000|  0%| F|  |TAMS 0x000000070e200000| PB 0x000000070e200000| Untracked 
| 103|0x000000070e400000, 0x000000070e400000, 0x000000070e600000|  0%| F|  |TAMS 0x000000070e400000| PB 0x000000070e400000| Untracked 
| 104|0x000000070e600000, 0x000000070e600000, 0x000000070e800000|  0%| F|  |TAMS 0x000000070e600000| PB 0x000000070e600000| Untracked 
| 105|0x000000070e800000, 0x000000070e800000, 0x000000070ea00000|  0%| F|  |TAMS 0x000000070e800000| PB 0x000000070e800000| Untracked 
| 106|0x000000070ea00000, 0x000000070ea00000, 0x000000070ec00000|  0%| F|  |TAMS 0x000000070ea00000| PB 0x000000070ea00000| Untracked 
| 107|0x000000070ec00000, 0x000000070ec00000, 0x000000070ee00000|  0%| F|  |TAMS 0x000000070ec00000| PB 0x000000070ec00000| Untracked 
| 108|0x000000070ee00000, 0x000000070ee00000, 0x000000070f000000|  0%| F|  |TAMS 0x000000070ee00000| PB 0x000000070ee00000| Untracked 
| 109|0x000000070f000000, 0x000000070f000000, 0x000000070f200000|  0%| F|  |TAMS 0x000000070f000000| PB 0x000000070f000000| Untracked 
| 110|0x000000070f200000, 0x000000070f200000, 0x000000070f400000|  0%| F|  |TAMS 0x000000070f200000| PB 0x000000070f200000| Untracked 
| 111|0x000000070f400000, 0x000000070f400000, 0x000000070f600000|  0%| F|  |TAMS 0x000000070f400000| PB 0x000000070f400000| Untracked 
| 112|0x000000070f600000, 0x000000070f600000, 0x000000070f800000|  0%| F|  |TAMS 0x000000070f600000| PB 0x000000070f600000| Untracked 
| 113|0x000000070f800000, 0x000000070f800000, 0x000000070fa00000|  0%| F|  |TAMS 0x000000070f800000| PB 0x000000070f800000| Untracked 
| 114|0x000000070fa00000, 0x000000070fa00000, 0x000000070fc00000|  0%| F|  |TAMS 0x000000070fa00000| PB 0x000000070fa00000| Untracked 
| 115|0x000000070fc00000, 0x000000070fc00000, 0x000000070fe00000|  0%| F|  |TAMS 0x000000070fc00000| PB 0x000000070fc00000| Untracked 
| 116|0x000000070fe00000, 0x000000070fe00000, 0x0000000710000000|  0%| F|  |TAMS 0x000000070fe00000| PB 0x000000070fe00000| Untracked 
| 117|0x0000000710000000, 0x0000000710000000, 0x0000000710200000|  0%| F|  |TAMS 0x0000000710000000| PB 0x0000000710000000| Untracked 
| 118|0x0000000710200000, 0x0000000710200000, 0x0000000710400000|  0%| F|  |TAMS 0x0000000710200000| PB 0x0000000710200000| Untracked 
| 119|0x0000000710400000, 0x0000000710400000, 0x0000000710600000|  0%| F|  |TAMS 0x0000000710400000| PB 0x0000000710400000| Untracked 
| 120|0x0000000710600000, 0x0000000710600000, 0x0000000710800000|  0%| F|  |TAMS 0x0000000710600000| PB 0x0000000710600000| Untracked 
| 121|0x0000000710800000, 0x0000000710800000, 0x0000000710a00000|  0%| F|  |TAMS 0x0000000710800000| PB 0x0000000710800000| Untracked 
| 122|0x0000000710a00000, 0x0000000710b4a830, 0x0000000710c00000| 64%| S|CS|TAMS 0x0000000710a00000| PB 0x0000000710a00000| Complete 
| 123|0x0000000710c00000, 0x0000000710c00000, 0x0000000710e00000|  0%| F|  |TAMS 0x0000000710c00000| PB 0x0000000710c00000| Untracked 
| 124|0x0000000710e00000, 0x0000000710e90058, 0x0000000711000000| 28%| E|  |TAMS 0x0000000710e00000| PB 0x0000000710e00000| Complete 
| 125|0x0000000711000000, 0x0000000711200000, 0x0000000711200000|100%| E|CS|TAMS 0x0000000711000000| PB 0x0000000711000000| Complete 
| 126|0x0000000711200000, 0x0000000711400000, 0x0000000711400000|100%| E|CS|TAMS 0x0000000711200000| PB 0x0000000711200000| Complete 
| 127|0x0000000711400000, 0x0000000711600000, 0x0000000711600000|100%| E|CS|TAMS 0x0000000711400000| PB 0x0000000711400000| Complete 

Card table byte_map: [0x00000154de2a0000,0x00000154deaa0000] _byte_map_base: 0x00000154daa95000

Marking Bits: (CMBitMap*) 0x00000154c6364a00
 Bits: [0x00000154deaa0000, 0x00000154e2a48000)

Polling page: 0x00000154c42a0000

Metaspace:

Usage:
  Non-class:      5.49 MB used.
      Class:    765.96 KB used.
       Both:      6.24 MB used.

Virtual space:
  Non-class space:       64.00 MB reserved,       5.62 MB (  9%) committed,  1 nodes.
      Class space:        1.00 GB reserved,     832.00 KB ( <1%) committed,  1 nodes.
             Both:        1.06 GB reserved,       6.44 MB ( <1%) committed. 

Chunk freelists:
   Non-Class:  9.17 MB
       Class:  15.22 MB
        Both:  24.39 MB

MaxMetaspaceSize: unlimited
CompressedClassSpaceSize: 1.00 GB
Initial GC threshold: 21.00 MB
Current GC threshold: 21.00 MB
CDS: on
 - commit_granule_bytes: 65536.
 - commit_granule_words: 8192.
 - virtual_space_node_default_size: 8388608.
 - enlarge_chunks_in_place: 1.
 - use_allocation_guard: 0.


Internal statistics:

num_allocs_failed_limit: 0.
num_arena_births: 84.
num_arena_deaths: 0.
num_vsnodes_births: 2.
num_vsnodes_deaths: 0.
num_space_committed: 103.
num_space_uncommitted: 0.
num_chunks_returned_to_freelist: 0.
num_chunks_taken_from_freelist: 302.
num_chunk_merges: 0.
num_chunk_splits: 159.
num_chunks_enlarged: 105.
num_inconsistent_stats: 0.

CodeHeap 'non-profiled nmethods': size=120000Kb used=436Kb max_used=436Kb free=119563Kb
 bounds [0x00000154d6570000, 0x00000154d67e0000, 0x00000154ddaa0000]
CodeHeap 'profiled nmethods': size=120000Kb used=2559Kb max_used=2559Kb free=117440Kb
 bounds [0x00000154ceaa0000, 0x00000154ced20000, 0x00000154d5fd0000]
CodeHeap 'non-nmethods': size=5760Kb used=1352Kb max_used=1377Kb free=4407Kb
 bounds [0x00000154d5fd0000, 0x00000154d6240000, 0x00000154d6570000]
 total_blobs=1766 nmethods=1310 adapters=361
 compilation: enabled
              stopped_count=0, restarted_count=0
 full_count=0

Compilation events (20 events):
Event: 1.262 Thread 0x00000154e4f25430 1297       3       java.util.stream.Sink$ChainedReference::cancellationRequested (10 bytes)
Event: 1.262 Thread 0x00000154e4f25430 nmethod 1297 0x00000154ced1b690 code [0x00000154ced1b840, 0x00000154ced1ba20]
Event: 1.262 Thread 0x00000154e4f25430 1298       3       java.lang.invoke.DirectMethodHandle::shouldBeInitialized (117 bytes)
Event: 1.263 Thread 0x00000154e4f25430 nmethod 1298 0x00000154ced1bb10 code [0x00000154ced1bd60, 0x00000154ced1c558]
Event: 1.264 Thread 0x00000154e4f22110 1299       4       java.lang.invoke.MethodType::hashCode (53 bytes)
Event: 1.265 Thread 0x00000154e4f25430 1300       3       java.lang.invoke.MethodHandle::getApproximateCommonClassLoader (58 bytes)
Event: 1.266 Thread 0x00000154e4f25430 nmethod 1300 0x00000154ced1c790 code [0x00000154ced1ca00, 0x00000154ced1d550]
Event: 1.266 Thread 0x00000154e4f25430 1301       3       java.lang.invoke.MethodHandle::keepsAlive (49 bytes)
Event: 1.266 Thread 0x00000154e4f22110 nmethod 1299 0x00000154d65d8e10 code [0x00000154d65d8fc0, 0x00000154d65d91c8]
Event: 1.267 Thread 0x00000154e4f25430 nmethod 1301 0x00000154ced1d990 code [0x00000154ced1dc00, 0x00000154ced1e760]
Event: 1.269 Thread 0x00000154e4f25430 1302       3       jdk.internal.org.objectweb.asm.SymbolTable::setMajorVersionAndClassName (19 bytes)
Event: 1.269 Thread 0x00000154e4f25430 nmethod 1302 0x00000154ced1eb90 code [0x00000154ced1ed40, 0x00000154ced1ef50]
Event: 1.270 Thread 0x00000154e4f25430 1303       3       jdk.internal.org.objectweb.asm.SymbolTable::computeBootstrapMethodsSize (27 bytes)
Event: 1.270 Thread 0x00000154e4f25430 nmethod 1303 0x00000154ced1f090 code [0x00000154ced1f240, 0x00000154ced1f418]
Event: 1.270 Thread 0x00000154e4f25430 1304       3       jdk.internal.org.objectweb.asm.SymbolTable::getConstantPoolLength (8 bytes)
Event: 1.271 Thread 0x00000154e4f25430 nmethod 1304 0x00000154ced1f510 code [0x00000154ced1f6a0, 0x00000154ced1f7b8]
Event: 1.271 Thread 0x00000154e4f25430 1305       3       jdk.internal.org.objectweb.asm.ByteVector::<init> (12 bytes)
Event: 1.271 Thread 0x00000154e4f25430 nmethod 1305 0x00000154ced1f890 code [0x00000154ced1fa40, 0x00000154ced1fca8]
Event: 1.271 Thread 0x00000154e4f25430 1306       3       jdk.internal.org.objectweb.asm.SymbolTable::putConstantPool (28 bytes)
Event: 1.278 Thread 0x00000154e4f22110 1313       4       java.lang.StringBuilder::<init> (7 bytes)

GC Heap History (4 events):
Event: 0.504 GC heap before
{Heap before GC invocations=0 (full 0):
 garbage-first heap   total 262144K, used 10240K [0x0000000701600000, 0x0000000800000000)
  region size 2048K, 6 young (12288K), 0 survivors (0K)
 Metaspace       used 2161K, committed 2368K, reserved 1114112K
  class space    used 183K, committed 256K, reserved 1048576K
}
Event: 0.511 GC heap after
{Heap after GC invocations=1 (full 0):
 garbage-first heap   total 262144K, used 7266K [0x0000000701600000, 0x0000000800000000)
  region size 2048K, 1 young (2048K), 1 survivors (2048K)
 Metaspace       used 2161K, committed 2368K, reserved 1114112K
  class space    used 183K, committed 256K, reserved 1048576K
}
Event: 1.009 GC heap before
{Heap before GC invocations=1 (full 0):
 garbage-first heap   total 262144K, used 17506K [0x0000000701600000, 0x0000000800000000)
  region size 2048K, 6 young (12288K), 1 survivors (2048K)
 Metaspace       used 4722K, committed 4864K, reserved 1114112K
  class space    used 506K, committed 576K, reserved 1048576K
}
Event: 1.013 GC heap after
{Heap after GC invocations=2 (full 0):
 garbage-first heap   total 262144K, used 9039K [0x0000000701600000, 0x0000000800000000)
  region size 2048K, 1 young (2048K), 1 survivors (2048K)
 Metaspace       used 4722K, committed 4864K, reserved 1114112K
  class space    used 506K, committed 576K, reserved 1048576K
}

Dll operation events (8 events):
Event: 0.011 Loaded shared library C:\Program Files\Java\zulu21.34.19-ca-jdk21.0.3-win_x64\bin\java.dll
Event: 0.056 Loaded shared library C:\Program Files\Java\zulu21.34.19-ca-jdk21.0.3-win_x64\bin\jsvml.dll
Event: 0.092 Loaded shared library C:\Program Files\Java\zulu21.34.19-ca-jdk21.0.3-win_x64\bin\net.dll
Event: 0.094 Loaded shared library C:\Program Files\Java\zulu21.34.19-ca-jdk21.0.3-win_x64\bin\nio.dll
Event: 0.099 Loaded shared library C:\Program Files\Java\zulu21.34.19-ca-jdk21.0.3-win_x64\bin\zip.dll
Event: 0.195 Loaded shared library C:\Program Files\Java\zulu21.34.19-ca-jdk21.0.3-win_x64\bin\management.dll
Event: 0.202 Loaded shared library C:\Program Files\Java\zulu21.34.19-ca-jdk21.0.3-win_x64\bin\management_ext.dll
Event: 0.233 Loaded shared library C:\Program Files\Java\zulu21.34.19-ca-jdk21.0.3-win_x64\bin\jimage.dll

Deoptimization events (20 events):
Event: 1.076 Thread 0x00000154c6303920 DEOPT PACKING pc=0x00000154d65ce1dc sp=0x0000001c807fd7d0
Event: 1.076 Thread 0x00000154c6303920 DEOPT UNPACKING pc=0x00000154d60246a2 sp=0x0000001c807fd748 mode 2
Event: 1.076 Thread 0x00000154c6303920 Uncommon trap: trap_request=0xffffffde fr.pc=0x00000154d65ce1dc relative=0x000000000000013c
Event: 1.076 Thread 0x00000154c6303920 Uncommon trap: reason=class_check action=maybe_recompile pc=0x00000154d65ce1dc method=jdk.internal.misc.Unsafe.allocateUninitializedArray(Ljava/lang/Class;I)Ljava/lang/Object; @ 51 c2
Event: 1.076 Thread 0x00000154c6303920 DEOPT PACKING pc=0x00000154d65ce1dc sp=0x0000001c807fd740
Event: 1.077 Thread 0x00000154c6303920 DEOPT UNPACKING pc=0x00000154d60246a2 sp=0x0000001c807fd6b8 mode 2
Event: 1.077 Thread 0x00000154c6303920 Uncommon trap: trap_request=0xffffffde fr.pc=0x00000154d65ce1dc relative=0x000000000000013c
Event: 1.077 Thread 0x00000154c6303920 Uncommon trap: reason=class_check action=maybe_recompile pc=0x00000154d65ce1dc method=jdk.internal.misc.Unsafe.allocateUninitializedArray(Ljava/lang/Class;I)Ljava/lang/Object; @ 51 c2
Event: 1.077 Thread 0x00000154c6303920 DEOPT PACKING pc=0x00000154d65ce1dc sp=0x0000001c807fd780
Event: 1.077 Thread 0x00000154c6303920 DEOPT UNPACKING pc=0x00000154d60246a2 sp=0x0000001c807fd6f8 mode 2
Event: 1.101 Thread 0x00000154c6303920 Uncommon trap: trap_request=0xffffff45 fr.pc=0x00000154d65c7880 relative=0x0000000000000340
Event: 1.101 Thread 0x00000154c6303920 Uncommon trap: reason=unstable_if action=reinterpret pc=0x00000154d65c7880 method=jdk.internal.org.objectweb.asm.SymbolTable.put(Ljdk/internal/org/objectweb/asm/SymbolTable$Entry;)Ljdk/internal/org/objectweb/asm/SymbolTable$Entry; @ 13 c2
Event: 1.101 Thread 0x00000154c6303920 DEOPT PACKING pc=0x00000154d65c7880 sp=0x0000001c807fcb50
Event: 1.101 Thread 0x00000154c6303920 DEOPT UNPACKING pc=0x00000154d60246a2 sp=0x0000001c807fcad0 mode 2
Event: 1.129 Thread 0x00000154c6303920 DEOPT PACKING pc=0x00000154cebaf30b sp=0x0000001c807fce20
Event: 1.129 Thread 0x00000154c6303920 DEOPT UNPACKING pc=0x00000154d6024e42 sp=0x0000001c807fc328 mode 0
Event: 1.279 Thread 0x00000154c6303920 Uncommon trap: trap_request=0xffffff45 fr.pc=0x00000154d65b22cc relative=0x000000000000028c
Event: 1.279 Thread 0x00000154c6303920 Uncommon trap: reason=unstable_if action=reinterpret pc=0x00000154d65b22cc method=java.util.concurrent.ConcurrentHashMap.get(Ljava/lang/Object;)Ljava/lang/Object; @ 86 c2
Event: 1.279 Thread 0x00000154c6303920 DEOPT PACKING pc=0x00000154d65b22cc sp=0x0000001c807fd000
Event: 1.279 Thread 0x00000154c6303920 DEOPT UNPACKING pc=0x00000154d60246a2 sp=0x0000001c807fcf78 mode 2

Classes loaded (20 events):
Event: 1.166 Loading class java/util/concurrent/locks/ReentrantReadWriteLock done
Event: 1.166 Loading class java/util/concurrent/locks/ReentrantReadWriteLock$NonfairSync
Event: 1.166 Loading class java/util/concurrent/locks/ReentrantReadWriteLock$Sync
Event: 1.166 Loading class java/util/concurrent/locks/ReentrantReadWriteLock$Sync done
Event: 1.166 Loading class java/util/concurrent/locks/ReentrantReadWriteLock$NonfairSync done
Event: 1.166 Loading class java/util/concurrent/locks/ReentrantReadWriteLock$Sync$ThreadLocalHoldCounter
Event: 1.166 Loading class java/util/concurrent/locks/ReentrantReadWriteLock$Sync$ThreadLocalHoldCounter done
Event: 1.166 Loading class java/util/concurrent/locks/ReentrantReadWriteLock$ReadLock
Event: 1.166 Loading class java/util/concurrent/locks/ReentrantReadWriteLock$ReadLock done
Event: 1.166 Loading class java/util/concurrent/locks/ReentrantReadWriteLock$WriteLock
Event: 1.166 Loading class java/util/concurrent/locks/ReentrantReadWriteLock$WriteLock done
Event: 1.174 Loading class java/util/ArrayDeque$DeqSpliterator
Event: 1.174 Loading class java/util/ArrayDeque$DeqSpliterator done
Event: 1.216 Loading class java/util/concurrent/CancellationException
Event: 1.216 Loading class java/util/concurrent/CancellationException done
Event: 1.237 Loading class java/util/stream/SortedOps$RefSortingSink
Event: 1.237 Loading class java/util/stream/SortedOps$RefSortingSink done
Event: 1.242 Loading class java/lang/reflect/Executable$ParameterData
Event: 1.242 Loading class java/lang/reflect/Executable$ParameterData done
Event: 1.281 Loading class java/nio/StringCharBuffer

Classes unloaded (0 events):
No events

Classes redefined (0 events):
No events

Internal exceptions (20 events):
Event: 0.892 Thread 0x00000154c6303920 Exception <a 'java/lang/NoSuchMethodError'{0x0000000710fbe838}: 'java.lang.Object java.lang.invoke.DirectMethodHandle$Holder.newInvokeSpecial(java.lang.Object, java.lang.Object, java.lang.Object, java.lang.Object, java.lang.Object)'> (0x0000000710fbe838) 
thrown [s\src\hotspot\share\interpreter\linkResolver.cpp, line 773]
Event: 0.961 Thread 0x00000154c6303920 Exception <a 'java/lang/NoSuchMethodError'{0x0000000710d16588}: 'java.lang.Object java.lang.invoke.DirectMethodHandle$Holder.invokeSpecialIFC(java.lang.Object, java.lang.Object, java.lang.Object, java.lang.Object)'> (0x0000000710d16588) 
thrown [s\src\hotspot\share\interpreter\linkResolver.cpp, line 773]
Event: 0.966 Thread 0x00000154c6303920 Exception <a 'java/lang/NoSuchMethodError'{0x0000000710d2cdf0}: 'java.lang.Object java.lang.invoke.DirectMethodHandle$Holder.invokeInterface(java.lang.Object, java.lang.Object, java.lang.Object)'> (0x0000000710d2cdf0) 
thrown [s\src\hotspot\share\interpreter\linkResolver.cpp, line 773]
Event: 0.989 Thread 0x00000154c6303920 Exception <a 'java/lang/NoSuchMethodError'{0x0000000710d880a0}: 'void java.lang.invoke.DirectMethodHandle$Holder.invokeInterface(java.lang.Object, java.lang.Object, java.lang.Object)'> (0x0000000710d880a0) 
thrown [s\src\hotspot\share\interpreter\linkResolver.cpp, line 773]
Event: 1.004 Thread 0x00000154c6303920 Exception <a 'java/lang/NoSuchMethodError'{0x0000000710dda038}: 'java.lang.Object java.lang.invoke.DirectMethodHandle$Holder.newInvokeSpecial(java.lang.Object, java.lang.Object, java.lang.Object, java.lang.Object, java.lang.Object, java.lang.Object)'> (0x0000000710dda038) 
thrown [s\src\hotspot\share\interpreter\linkResolver.cpp, line 773]
Event: 1.022 Thread 0x00000154c6303920 Exception <a 'java/lang/NoSuchMethodError'{0x000000071144d068}: 'void java.lang.invoke.DirectMethodHandle$Holder.invokeInterface(java.lang.Object, java.lang.Object, java.lang.Object, java.lang.Object, java.lang.Object)'> (0x000000071144d068) 
thrown [s\src\hotspot\share\interpreter\linkResolver.cpp, line 773]
Event: 1.023 Thread 0x00000154c6303920 Exception <a 'java/lang/IncompatibleClassChangeError'{0x0000000711450d08}: Found class java.lang.Object, but interface was expected> (0x0000000711450d08) 
thrown [s\src\hotspot\share\interpreter\linkResolver.cpp, line 840]
Event: 1.032 Thread 0x00000154c6303920 Exception <a 'java/lang/IncompatibleClassChangeError'{0x0000000711481b10}: Found class java.lang.Object, but interface was expected> (0x0000000711481b10) 
thrown [s\src\hotspot\share\interpreter\linkResolver.cpp, line 840]
Event: 1.040 Thread 0x00000154c6303920 Exception <a 'java/lang/NoSuchMethodError'{0x000000071149d7e0}: 'java.lang.Object java.lang.invoke.DirectMethodHandle$Holder.invokeStatic(java.lang.Object, java.lang.Object, int)'> (0x000000071149d7e0) 
thrown [s\src\hotspot\share\interpreter\linkResolver.cpp, line 773]
Event: 1.061 Thread 0x00000154c6303920 Exception <a 'java/lang/NoSuchMethodError'{0x00000007114f0da8}: 'void java.lang.invoke.DirectMethodHandle$Holder.invokeSpecial(java.lang.Object, java.lang.Object, java.lang.Object, java.lang.Object, java.lang.Object)'> (0x00000007114f0da8) 
thrown [s\src\hotspot\share\interpreter\linkResolver.cpp, line 773]
Event: 1.082 Thread 0x00000154c6303920 Exception <a 'java/lang/NoSuchMethodError'{0x0000000711549250}: 'long java.lang.invoke.DirectMethodHandle$Holder.invokeSpecial(java.lang.Object, java.lang.Object)'> (0x0000000711549250) 
thrown [s\src\hotspot\share\interpreter\linkResolver.cpp, line 773]
Event: 1.082 Thread 0x00000154c6303920 Exception <a 'java/lang/NoSuchMethodError'{0x000000071154c780}: 'long java.lang.invoke.Invokers$Holder.invokeExact_MT(java.lang.Object, java.lang.Object)'> (0x000000071154c780) 
thrown [s\src\hotspot\share\interpreter\linkResolver.cpp, line 773]
Event: 1.130 Thread 0x00000154c6303920 Exception <a 'java/lang/NoSuchMethodError'{0x0000000711275f28}: 'void java.lang.invoke.DirectMethodHandle$Holder.invokeInterface(java.lang.Object, java.lang.Object, java.lang.Object, java.lang.Object)'> (0x0000000711275f28) 
thrown [s\src\hotspot\share\interpreter\linkResolver.cpp, line 773]
Event: 1.131 Thread 0x00000154c6303920 Exception <a 'java/lang/IncompatibleClassChangeError'{0x0000000711279820}: Found class java.lang.Object, but interface was expected> (0x0000000711279820) 
thrown [s\src\hotspot\share\interpreter\linkResolver.cpp, line 840]
Event: 1.139 Thread 0x00000154c6303920 Exception <a 'java/lang/NoSuchMethodError'{0x000000071129a318}: 'void java.lang.invoke.DirectMethodHandle$Holder.invokeStatic(java.lang.Object, java.lang.Object, java.lang.Object, java.lang.Object)'> (0x000000071129a318) 
thrown [s\src\hotspot\share\interpreter\linkResolver.cpp, line 773]
Event: 1.162 Thread 0x00000154c6303920 Exception <a 'java/lang/NoSuchMethodError'{0x0000000711324aa8}: 'java.lang.Object java.lang.invoke.Invokers$Holder.invokeExact_MT(java.lang.Object, java.lang.Object, java.lang.Object, java.lang.Object, java.lang.Object, java.lang.Object)'> (0x0000000711324aa8) 
thrown [s\src\hotspot\share\interpreter\linkResolver.cpp, line 773]
Event: 1.165 Thread 0x00000154c6303920 Exception <a 'java/lang/NoSuchMethodError'{0x00000007113329b0}: 'int java.lang.invoke.DirectMethodHandle$Holder.invokeStatic(java.lang.Object, java.lang.Object, java.lang.Object, java.lang.Object, java.lang.Object)'> (0x00000007113329b0) 
thrown [s\src\hotspot\share\interpreter\linkResolver.cpp, line 773]
Event: 1.178 Thread 0x00000154c6303920 Exception <a 'java/lang/NoSuchMethodError'{0x000000071138a4d0}: 'void java.lang.invoke.DirectMethodHandle$Holder.invokeStaticInit(java.lang.Object)'> (0x000000071138a4d0) 
thrown [s\src\hotspot\share\interpreter\linkResolver.cpp, line 773]
Event: 1.203 Thread 0x00000154c6303920 Exception <a 'java/lang/NoSuchMethodError'{0x000000071105f338}: 'void java.lang.invoke.DirectMethodHandle$Holder.invokeStaticInit(java.lang.Object, java.lang.Object, java.lang.Object, java.lang.Object)'> (0x000000071105f338) 
thrown [s\src\hotspot\share\interpreter\linkResolver.cpp, line 773]
Event: 1.221 Thread 0x00000154c6303920 Exception <a 'java/lang/NoSuchMethodError'{0x00000007110d11d8}: 'int java.lang.invoke.DirectMethodHandle$Holder.invokeStaticInit(java.lang.Object, java.lang.Object)'> (0x00000007110d11d8) 
thrown [s\src\hotspot\share\interpreter\linkResolver.cpp, line 773]

ZGC Phase Switch (0 events):
No events

VM Operations (20 events):
Event: 0.102 Executing VM operation: HandshakeAllThreads (Deoptimize)
Event: 0.102 Executing VM operation: HandshakeAllThreads (Deoptimize) done
Event: 0.410 Executing VM operation: HandshakeAllThreads (Deoptimize)
Event: 0.410 Executing VM operation: HandshakeAllThreads (Deoptimize) done
Event: 0.440 Executing VM operation: HandshakeAllThreads (Deoptimize)
Event: 0.440 Executing VM operation: HandshakeAllThreads (Deoptimize) done
Event: 0.504 Executing VM operation: G1CollectForAllocation (G1 Evacuation Pause)
Event: 0.511 Executing VM operation: G1CollectForAllocation (G1 Evacuation Pause) done
Event: 0.627 Executing VM operation: HandshakeAllThreads (Deoptimize)
Event: 0.627 Executing VM operation: HandshakeAllThreads (Deoptimize) done
Event: 0.863 Executing VM operation: HandshakeAllThreads (Deoptimize)
Event: 0.863 Executing VM operation: HandshakeAllThreads (Deoptimize) done
Event: 0.874 Executing VM operation: HandshakeAllThreads (Deoptimize)
Event: 0.874 Executing VM operation: HandshakeAllThreads (Deoptimize) done
Event: 1.009 Executing VM operation: G1CollectForAllocation (G1 Evacuation Pause)
Event: 1.013 Executing VM operation: G1CollectForAllocation (G1 Evacuation Pause) done
Event: 1.068 Executing VM operation: HandshakeAllThreads (Deoptimize)
Event: 1.068 Executing VM operation: HandshakeAllThreads (Deoptimize) done
Event: 1.081 Executing VM operation: HandshakeAllThreads (Deoptimize)
Event: 1.081 Executing VM operation: HandshakeAllThreads (Deoptimize) done

Events (14 events):
Event: 0.028 Thread 0x00000154c6303920 Thread added: 0x00000154c6303920
Event: 0.050 Thread 0x00000154e4f18810 Thread added: 0x00000154e4f18810
Event: 0.050 Thread 0x00000154e4f1a630 Thread added: 0x00000154e4f1a630
Event: 0.051 Thread 0x00000154e4f1b440 Thread added: 0x00000154e4f1b440
Event: 0.052 Thread 0x00000154e4f1deb0 Thread added: 0x00000154e4f1deb0
Event: 0.052 Thread 0x00000154e4f1e910 Thread added: 0x00000154e4f1e910
Event: 0.052 Thread 0x00000154e4f21380 Thread added: 0x00000154e4f21380
Event: 0.052 Thread 0x00000154e4f22110 Thread added: 0x00000154e4f22110
Event: 0.054 Thread 0x00000154e4f25430 Thread added: 0x00000154e4f25430
Event: 0.085 Thread 0x00000154e9204a30 Thread added: 0x00000154e9204a30
Event: 0.087 Thread 0x00000154e9206680 Thread added: 0x00000154e9206680
Event: 0.430 Thread 0x00000154e943e990 Thread added: 0x00000154e943e990
Event: 0.447 Thread 0x00000154e973aff0 Thread added: 0x00000154e973aff0
Event: 0.741 Thread 0x00000154ea079cf0 Thread added: 0x00000154ea079cf0


Dynamic libraries:
0x00007ff7cc8f0000 - 0x00007ff7cc8fe000 	C:\Program Files\Java\zulu21.34.19-ca-jdk21.0.3-win_x64\bin\java.exe
0x00007ffd419d0000 - 0x00007ffd41bc8000 	C:\Windows\SYSTEM32\ntdll.dll
0x00007ffd41540000 - 0x00007ffd41602000 	C:\Windows\System32\KERNEL32.DLL
0x00007ffd3f560000 - 0x00007ffd3f856000 	C:\Windows\System32\KERNELBASE.dll
0x00007ffd3f8f0000 - 0x00007ffd3f9f0000 	C:\Windows\System32\ucrtbase.dll
0x00007ffd3b630000 - 0x00007ffd3b649000 	C:\Program Files\Java\zulu21.34.19-ca-jdk21.0.3-win_x64\bin\jli.dll
0x00007ffd3b5f0000 - 0x00007ffd3b60b000 	C:\Program Files\Java\zulu21.34.19-ca-jdk21.0.3-win_x64\bin\VCRUNTIME140.dll
0x00007ffd40b00000 - 0x00007ffd40c9d000 	C:\Windows\System32\USER32.dll
0x00007ffd3e400000 - 0x00007ffd3e69a000 	C:\Windows\WinSxS\amd64_microsoft.windows.common-controls_6595b64144ccf1df_6.0.19041.5915_none_60b4b9d171f9c7c7\COMCTL32.dll
0x00007ffd3f460000 - 0x00007ffd3f482000 	C:\Windows\System32\win32u.dll
0x00007ffd40f90000 - 0x00007ffd4102e000 	C:\Windows\System32\msvcrt.dll
0x00007ffd40e50000 - 0x00007ffd40e7b000 	C:\Windows\System32\GDI32.dll
0x00007ffd3f110000 - 0x00007ffd3f229000 	C:\Windows\System32\gdi32full.dll
0x00007ffd3f490000 - 0x00007ffd3f52d000 	C:\Windows\System32\msvcp_win.dll
0x00007ffd41420000 - 0x00007ffd4144f000 	C:\Windows\System32\IMM32.DLL
0x00007ffd3d190000 - 0x00007ffd3d19c000 	C:\Program Files\Java\zulu21.34.19-ca-jdk21.0.3-win_x64\bin\vcruntime140_1.dll
0x00007ffd2eb40000 - 0x00007ffd2ebce000 	C:\Program Files\Java\zulu21.34.19-ca-jdk21.0.3-win_x64\bin\msvcp140.dll
0x00007ffcde1a0000 - 0x00007ffcdef34000 	C:\Program Files\Java\zulu21.34.19-ca-jdk21.0.3-win_x64\bin\server\jvm.dll
0x00007ffd40a40000 - 0x00007ffd40af1000 	C:\Windows\System32\ADVAPI32.dll
0x00007ffd41700000 - 0x00007ffd4179f000 	C:\Windows\System32\sechost.dll
0x00007ffd3fe60000 - 0x00007ffd3ff83000 	C:\Windows\System32\RPCRT4.dll
0x00007ffd3f530000 - 0x00007ffd3f557000 	C:\Windows\System32\bcrypt.dll
0x00007ffd41050000 - 0x00007ffd410bb000 	C:\Windows\System32\WS2_32.dll
0x00007ffd3ec50000 - 0x00007ffd3ec9b000 	C:\Windows\SYSTEM32\POWRPROF.dll
0x00007ffd2be00000 - 0x00007ffd2be27000 	C:\Windows\SYSTEM32\WINMM.dll
0x00007ffd3bce0000 - 0x00007ffd3bcea000 	C:\Windows\SYSTEM32\VERSION.dll
0x00007ffd3e790000 - 0x00007ffd3e7a2000 	C:\Windows\SYSTEM32\UMPDC.dll
0x00007ffd3c070000 - 0x00007ffd3c082000 	C:\Windows\SYSTEM32\kernel.appcore.dll
0x00007ffd3b8a0000 - 0x00007ffd3b8aa000 	C:\Program Files\Java\zulu21.34.19-ca-jdk21.0.3-win_x64\bin\jimage.dll
0x00007ffd3ea40000 - 0x00007ffd3ec41000 	C:\Windows\SYSTEM32\DBGHELP.DLL
0x00007ffd3e980000 - 0x00007ffd3e9b4000 	C:\Windows\SYSTEM32\dbgcore.DLL
0x00007ffd3f860000 - 0x00007ffd3f8e2000 	C:\Windows\System32\bcryptPrimitives.dll
0x00007ffd3b580000 - 0x00007ffd3b59f000 	C:\Program Files\Java\zulu21.34.19-ca-jdk21.0.3-win_x64\bin\java.dll
0x00007ffd40160000 - 0x00007ffd408ce000 	C:\Windows\System32\SHELL32.dll
0x00007ffd3c270000 - 0x00007ffd3ca14000 	C:\Windows\SYSTEM32\windows.storage.dll
0x00007ffd410c0000 - 0x00007ffd41413000 	C:\Windows\System32\combase.dll
0x00007ffd3e360000 - 0x00007ffd3e38b000 	C:\Windows\SYSTEM32\Wldp.dll
0x00007ffd408e0000 - 0x00007ffd409ad000 	C:\Windows\System32\OLEAUT32.dll
0x00007ffd400b0000 - 0x00007ffd4015d000 	C:\Windows\System32\SHCORE.dll
0x00007ffd417a0000 - 0x00007ffd417fb000 	C:\Windows\System32\shlwapi.dll
0x00007ffd3ef90000 - 0x00007ffd3efb5000 	C:\Windows\SYSTEM32\profapi.dll
0x00007ffd2bf30000 - 0x00007ffd2c007000 	C:\Program Files\Java\zulu21.34.19-ca-jdk21.0.3-win_x64\bin\jsvml.dll
0x00007ffd3b510000 - 0x00007ffd3b520000 	C:\Program Files\Java\zulu21.34.19-ca-jdk21.0.3-win_x64\bin\net.dll
0x00007ffd35910000 - 0x00007ffd35a1a000 	C:\Windows\SYSTEM32\WINHTTP.dll
0x00007ffd3e0c0000 - 0x00007ffd3e12a000 	C:\Windows\system32\mswsock.dll
0x00007ffd3b250000 - 0x00007ffd3b266000 	C:\Program Files\Java\zulu21.34.19-ca-jdk21.0.3-win_x64\bin\nio.dll
0x00007ffd3adc0000 - 0x00007ffd3add8000 	C:\Program Files\Java\zulu21.34.19-ca-jdk21.0.3-win_x64\bin\zip.dll
0x00007ffd3aac0000 - 0x00007ffd3aaca000 	C:\Program Files\Java\zulu21.34.19-ca-jdk21.0.3-win_x64\bin\management.dll
0x00007ffd38400000 - 0x00007ffd3840b000 	C:\Program Files\Java\zulu21.34.19-ca-jdk21.0.3-win_x64\bin\management_ext.dll
0x00007ffd408d0000 - 0x00007ffd408d8000 	C:\Windows\System32\PSAPI.DLL

dbghelp: loaded successfully - version: 4.0.5 - missing functions: none
symbol engine: initialized successfully - sym options: 0x614 - pdb path: .;C:\Program Files\Java\zulu21.34.19-ca-jdk21.0.3-win_x64\bin;C:\Windows\SYSTEM32;C:\Windows\WinSxS\amd64_microsoft.windows.common-controls_6595b64144ccf1df_6.0.19041.5915_none_60b4b9d171f9c7c7;C:\Program Files\Java\zulu21.34.19-ca-jdk21.0.3-win_x64\bin\server

VM Arguments:
java_command: C:\Users\rapha\AppData\Local\Temp\surefire12949037062988503987\surefirebooter-20250619170552264_3.jar C:\Users\rapha\AppData\Local\Temp\surefire12949037062988503987 2025-06-19T17-05-51_975-jvmRun1 surefire-20250619170552264_1tmp surefire_0-20250619170552264_2tmp
java_class_path (initial): C:\Users\rapha\AppData\Local\Temp\surefire12949037062988503987\surefirebooter-20250619170552264_3.jar
Launcher Type: SUN_STANDARD

[Global flags]
     intx CICompilerCount                          = 3                                         {product} {ergonomic}
     uint ConcGCThreads                            = 1                                         {product} {ergonomic}
     uint G1ConcRefinementThreads                  = 4                                         {product} {ergonomic}
   size_t G1HeapRegionSize                         = 2097152                                   {product} {ergonomic}
    uintx GCDrainStackTargetSize                   = 64                                        {product} {ergonomic}
   size_t InitialHeapSize                          = 268435456                                 {product} {ergonomic}
   size_t MarkStackSize                            = 4194304                                   {product} {ergonomic}
   size_t MaxHeapSize                              = 4271898624                                {product} {ergonomic}
   size_t MaxNewSize                               = 2562719744                                {product} {ergonomic}
   size_t MinHeapDeltaBytes                        = 2097152                                   {product} {ergonomic}
   size_t MinHeapSize                              = 8388608                                   {product} {ergonomic}
    uintx NonNMethodCodeHeapSize                   = 5832780                                {pd product} {ergonomic}
    uintx NonProfiledCodeHeapSize                  = 122912730                              {pd product} {ergonomic}
    uintx ProfiledCodeHeapSize                     = 122912730                              {pd product} {ergonomic}
    uintx ReservedCodeCacheSize                    = 251658240                              {pd product} {ergonomic}
     bool SegmentedCodeCache                       = true                                      {product} {ergonomic}
   size_t SoftMaxHeapSize                          = 4271898624                             {manageable} {ergonomic}
     bool UseCompressedOops                        = true                           {product lp64_product} {ergonomic}
     bool UseG1GC                                  = true                                      {product} {ergonomic}
     bool UseLargePagesIndividualAllocation        = false                                  {pd product} {ergonomic}

Logging:
Log output configuration:
 #0: stdout all=warning uptime,level,tags foldmultilines=false
 #1: stderr all=off uptime,level,tags foldmultilines=false

Environment Variables:
JAVA_HOME=C:\Program Files\Java\zulu21.34.19-ca-jdk21.0.3-win_x64
PATH=C:\Program Files\Java\zulu21.34.19-ca-jdk21.0.3-win_x64\bin;C:\MinGW\bin;C:\Windows\system32;C:\Windows;C:\Windows\System32\Wbem;C:\Windows\System32\WindowsPowerShell\v1.0\;C:\Windows\System32\OpenSSH\;C:\Program Files\NVIDIA Corporation\NVIDIA NvDLISR;C:\Program Files (x86)\NVIDIA Corporation\PhysX\Common;C:\Program Files\Microsoft SQL Server\150\Tools\Binn\;C:\Program Files\Microsoft SQL Server\Client SDK\ODBC\170\Tools\Binn\;C:\Program Files\dotnet\;C:\Program Files\Git\cmd;C:\wamp64\bin\php\php8.2.0;C:\Program Files\MongoDB\Server\7.0\bin;C:\Program Files\MongoDB\Tools\100\bin;C:\Program Files\MongoDB\Server\7.0\bin;C:\Users\rapha\AppData\Roaming\nvm;C:\Program Files\nodejs;C:\ProgramData\UNIVALI\Portugol Studio;C:\Program Files\PostgreSQL\16\bin;C:\Program Files\nodejs\;C:\Program Files\Docker\Docker\resources\bin;C:\Users\rapha\AppData\Local\Programs\Python\Python313\Scripts\;C:\Users\rapha\AppData\Local\Programs\Python\Python313\;C:\Program Files\MySQL\MySQL Shell 8.0\bin\;C:\Users\rapha\AppData\Local\Microsoft\WindowsApps;C:\Users\rapha\AppData\Local\Programs\Microsoft VS Code\bin;C:\Users\rapha\.dotnet\tools;C:\Users\rapha\AppData\Local\ComposerSetup\bin;C:\Users\rapha\AppData\Roaming\Composer\vendor\bin;C:\Program Files\MySQL\MySQL Server 8.0\bin;C:\Users\rapha\AppData\Roaming\nvm;C:\Program Files\nodejs;C:\apache-maven-3.9.9-bin\apache-maven-3.9.9\bin;C:\Users\rapha\AppData\Roaming\npm
USERNAME=rapha
OS=Windows_NT
PROCESSOR_IDENTIFIER=Intel64 Family 6 Model 142 Stepping 9, GenuineIntel
TMP=C:\Users\rapha\AppData\Local\Temp
TEMP=C:\Users\rapha\AppData\Local\Temp




Periodic native trim disabled

---------------  S Y S T E M  ---------------

OS:
 Windows 10 , 64 bit Build 19041 (10.0.19041.5915)
OS uptime: 0 days 15:46 hours
Hyper-V role detected

CPU: total 4 (initial active 4) (2 cores per cpu, 2 threads per core) family 6 model 142 stepping 9 microcode 0xb4, cx8, cmov, fxsr, ht, mmx, 3dnowpref, sse, sse2, sse3, ssse3, sse4.1, sse4.2, popcnt, lzcnt, tsc, tscinvbit, avx, avx2, aes, erms, clmul, bmi1, bmi2, adx, fma, vzeroupper, clflush, clflushopt, hv, rdtscp, f16c
Processor Information for all 4 processors :
  Max Mhz: 2712, Current Mhz: 2511, Mhz Limit: 2495

Memory: 4k page, system-wide physical 16293M (6999M free)
TotalPageFile size 18725M (AvailPageFile size 6059M)
current process WorkingSet (physical memory assigned to process): 81M, peak: 82M
current process commit charge ("private bytes"): 353M, peak: 354M

vm_info: OpenJDK 64-Bit Server VM (21.0.3+9-LTS) for windows-amd64 JRE (21.0.3+9-LTS) (Zulu21.34+19-CA), built on 2024-04-09T07:26:03Z by "zulu_re" with MS VC++ 17.1 (VS2022)

END.
